<?xml version="1.0" encoding="utf-8"?><testsuites name="pytest tests"><testsuite name="pytest" errors="0" failures="0" skipped="0" tests="13" time="3.028" timestamp="2026-02-21T10:55:53.402943+00:00" hostname="agent-env-fdc81781-d84b-4d06-90b8-475f3b391d68"><testcase classname="backend.tests.test_agnost_integration.TestAnalyticsStatus" name="test_analytics_status_returns_enabled_true" time="0.162" /><testcase classname="backend.tests.test_agnost_integration.TestSearchSchemes" name="test_search_schemes_farmer_returns_results" time="0.318" /><testcase classname="backend.tests.test_agnost_integration.TestSearchSchemes" name="test_search_schemes_returns_tool_metadata" time="0.259" /><testcase classname="backend.tests.test_agnost_integration.TestSearchSchemes" name="test_search_schemes_no_match" time="0.220" /><testcase classname="backend.tests.test_agnost_integration.TestEligibilityCheck" name="test_eligibility_check_with_profile" time="0.261" /><testcase classname="backend.tests.test_agnost_integration.TestEligibilityCheck" name="test_eligibility_check_tool_metadata" time="0.214" /><testcase classname="backend.tests.test_agnost_integration.TestEligibilityCheck" name="test_eligibility_check_without_profile_returns_400" time="0.131" /><testcase classname="backend.tests.test_agnost_integration.TestGeneratePDF" name="test_generate_pdf_with_profile" time="0.516" /><testcase classname="backend.tests.test_agnost_integration.TestGeneratePDF" name="test_generate_pdf_download" time="0.389" /><testcase classname="backend.tests.test_agnost_integration.TestGeneratePDF" name="test_generate_pdf_incomplete_profile_returns_400" time="0.102" /><testcase classname="backend.tests.test_agnost_integration.TestAuthFlow" name="test_send_otp" time="0.096" /><testcase classname="backend.tests.test_agnost_integration.TestAuthFlow" name="test_verify_otp_valid" time="0.198" /><testcase classname="backend.tests.test_agnost_integration.TestSchemesEndpoints" name="test_get_all_schemes" time="0.097" /></testsuite></testsuites>