<?xml version="1.0" encoding="utf-8"?><testsuites name="pytest tests"><testsuite name="pytest" errors="0" failures="0" skipped="0" tests="10" time="6.612" timestamp="2026-02-21T13:17:00.090613+00:00" hostname="agent-env-fdc81781-d84b-4d06-90b8-475f3b391d68"><testcase classname="backend.tests.test_demo_flow.TestDemoFlowBackend" name="test_exact_demo_trigger_returns_profiler_complete" time="1.202" /><testcase classname="backend.tests.test_demo_flow.TestDemoFlowBackend" name="test_demo_response_contains_rajesh_kumar_profile" time="0.532" /><testcase classname="backend.tests.test_demo_flow.TestDemoFlowBackend" name="test_demo_response_contains_two_eligible_schemes" time="0.515" /><testcase classname="backend.tests.test_demo_flow.TestDemoFlowBackend" name="test_demo_response_includes_downloadable_pdf_url" time="0.636" /><testcase classname="backend.tests.test_demo_flow.TestDemoFlowBackend" name="test_hindi_variation_trigger" time="0.502" /><testcase classname="backend.tests.test_demo_flow.TestDemoFlowBackend" name="test_scholarship_keyword_trigger" time="0.502" /><testcase classname="backend.tests.test_demo_flow.TestDemoFlowBackend" name="test_10th_pass_keyword_trigger" time="0.525" /><testcase classname="backend.tests.test_demo_flow.TestDemoFlowBackend" name="test_student_keyword_trigger" time="0.512" /><testcase classname="backend.tests.test_demo_flow.TestDemoFlowBackend" name="test_tool_calls_contain_documents_scanned" time="0.515" /><testcase classname="backend.tests.test_demo_flow.TestDemoFlowBackend" name="test_response_time_under_2_seconds" time="1.106" /></testsuite></testsuites>