<?xml version="1.0" encoding="utf-8"?><testsuites name="pytest tests"><testsuite name="pytest" errors="0" failures="0" skipped="0" tests="9" time="3.601" timestamp="2026-02-22T08:04:26.944376+00:00" hostname="agent-env-3ec8f370-64ba-40af-a39d-b123e17320fe"><testcase classname="tests.test_download_405_fix.TestDownloadAllGet" name="test_download_all_get_returns_200" time="0.765" /><testcase classname="tests.test_download_405_fix.TestDownloadAllGet" name="test_download_all_get_returns_tracked_true" time="0.269" /><testcase classname="tests.test_download_405_fix.TestDownloadAllGet" name="test_download_all_get_includes_count" time="0.233" /><testcase classname="tests.test_download_405_fix.TestDownloadAllZipGet" name="test_download_all_zip_without_pdf_ids_returns_400" time="0.141" /><testcase classname="tests.test_download_405_fix.TestDownloadAllZipGet" name="test_download_all_zip_with_nonexistent_ids_returns_404" time="0.137" /><testcase classname="tests.test_download_405_fix.TestDownloadAllZipGet" name="test_download_all_zip_with_valid_ids_returns_zip" time="0.919" /><testcase classname="tests.test_download_405_fix.TestIndividualPdfDownload" name="test_pdf_download_returns_200" time="0.510" /><testcase classname="tests.test_download_405_fix.TestIndividualPdfDownload" name="test_pdf_download_nonexistent_returns_404" time="0.102" /><testcase classname="tests.test_download_405_fix.TestDemoResponseContainsPdfUrls" name="test_scholarship_trigger_returns_pdf_urls" time="0.463" /></testsuite></testsuites>