<?xml version="1.0" encoding="utf-8"?><testsuites name="pytest tests"><testsuite name="pytest" errors="0" failures="0" skipped="0" tests="16" time="9.060" timestamp="2026-02-21T17:21:02.725646+00:00" hostname="agent-env-153dd20f-7877-4774-a48f-5d4cf399ab4a"><testcase classname="backend.tests.test_comprehensive_e2e.TestAuthEndpoints" name="test_send_otp_success" time="0.172" /><testcase classname="backend.tests.test_comprehensive_e2e.TestAuthEndpoints" name="test_send_otp_invalid_phone" time="0.185" /><testcase classname="backend.tests.test_comprehensive_e2e.TestAuthEndpoints" name="test_verify_otp_success" time="0.279" /><testcase classname="backend.tests.test_comprehensive_e2e.TestAuthEndpoints" name="test_verify_otp_wrong_otp" time="0.256" /><testcase classname="backend.tests.test_comprehensive_e2e.TestProfilerFlow" name="test_profiler_greeting_asks_name" time="0.389" /><testcase classname="backend.tests.test_comprehensive_e2e.TestProfilerFlow" name="test_profiler_complete_flow" time="1.626" /><testcase classname="backend.tests.test_comprehensive_e2e.TestEligibilityRules" name="test_vidyasiri_eligible_under_150000_karnataka" time="1.546" /><testcase classname="backend.tests.test_comprehensive_e2e.TestEligibilityRules" name="test_vidyasiri_ineligible_over_150000" time="1.657" /><testcase classname="backend.tests.test_comprehensive_e2e.TestDemoMode" name="test_demo_beta_trigger" time="0.570" /><testcase classname="backend.tests.test_comprehensive_e2e.TestDemoMode" name="test_demo_10th_trigger" time="0.632" /><testcase classname="backend.tests.test_comprehensive_e2e.TestDemoMode" name="test_demo_scholarship_trigger" time="0.542" /><testcase classname="backend.tests.test_comprehensive_e2e.TestPDFDownload" name="test_pdf_download_valid" time="0.690" /><testcase classname="backend.tests.test_comprehensive_e2e.TestPDFDownload" name="test_pdf_404_invalid_id" time="0.119" /><testcase classname="backend.tests.test_comprehensive_e2e.TestSearchSchemes" name="test_search_schemes_document_scanned_format" time="0.104" /><testcase classname="backend.tests.test_comprehensive_e2e.TestSearchSchemes" name="test_search_schemes_with_10th_trigger" time="0.121" /><testcase classname="backend.tests.test_comprehensive_e2e.TestSchemesEndpoint" name="test_get_schemes_returns_3" time="0.109" /></testsuite></testsuites>