<?xml version="1.0" encoding="utf-8"?><testsuites name="pytest tests"><testsuite name="pytest" errors="0" failures="0" skipped="0" tests="9" time="6.060" timestamp="2026-02-21T18:04:21.472219+00:00" hostname="agent-env-153dd20f-7877-4774-a48f-5d4cf399ab4a"><testcase classname="backend.tests.test_iteration_14_features.TestPdfUpload" name="test_upload_pdf_accepts_valid_pdf" time="0.320" /><testcase classname="backend.tests.test_iteration_14_features.TestPdfUpload" name="test_upload_pdf_rejects_non_pdf" time="0.131" /><testcase classname="backend.tests.test_iteration_14_features.TestPdfUpload" name="test_upload_pdf_rejects_wrong_extension" time="0.136" /><testcase classname="backend.tests.test_iteration_14_features.TestChatReset" name="test_chat_reset_clears_history" time="0.786" /><testcase classname="backend.tests.test_iteration_14_features.TestChatReset" name="test_chat_reset_resets_profile" time="1.968" /><testcase classname="backend.tests.test_iteration_14_features.TestChatReset" name="test_after_reset_profiler_asks_name_again" time="1.967" /><testcase classname="backend.tests.test_iteration_14_features.TestChatReset" name="test_chat_reset_requires_user_id" time="0.099" /><testcase classname="backend.tests.test_iteration_14_features.TestSukanyaSchemeUrl" name="test_schemes_returns_sukanya_with_pib_url" time="0.116" /><testcase classname="backend.tests.test_iteration_14_features.TestUploadedPdfDownload" name="test_uploaded_pdf_downloadable" time="0.440" /></testsuite></testsuites>