<?xml version="1.0" encoding="utf-8"?><testsuites name="pytest tests"><testsuite name="pytest" errors="0" failures="0" skipped="0" tests="16" time="5.259" timestamp="2026-02-21T13:54:52.666999+00:00" hostname="agent-env-fdc81781-d84b-4d06-90b8-475f3b391d68"><testcase classname="backend.tests.test_prisma_migration.TestRootAPI" name="test_root_returns_version_2_0_0" time="0.227" /><testcase classname="backend.tests.test_prisma_migration.TestAuthAPI" name="test_send_otp_success" time="0.134" /><testcase classname="backend.tests.test_prisma_migration.TestAuthAPI" name="test_verify_otp_success" time="0.234" /><testcase classname="backend.tests.test_prisma_migration.TestAuthAPI" name="test_verify_otp_invalid" time="0.115" /><testcase classname="backend.tests.test_prisma_migration.TestChatProfilerFlow" name="test_greeting_triggers_name_question" time="0.358" /><testcase classname="backend.tests.test_prisma_migration.TestChatProfilerFlow" name="test_name_answer_triggers_age_question" time="0.117" /><testcase classname="backend.tests.test_prisma_migration.TestChatProfilerFlow" name="test_age_answer_triggers_income_question" time="0.112" /><testcase classname="backend.tests.test_prisma_migration.TestChatProfilerFlow" name="test_income_answer_triggers_state_question" time="0.113" /><testcase classname="backend.tests.test_prisma_migration.TestChatProfilerFlow" name="test_state_answer_completes_profile" time="0.869" /><testcase classname="backend.tests.test_prisma_migration.TestProfileAPI" name="test_get_profile_returns_all_fields" time="1.083" /><testcase classname="backend.tests.test_prisma_migration.TestChatHistoryAPI" name="test_get_chat_history" time="0.433" /><testcase classname="backend.tests.test_prisma_migration.TestSchemesAPI" name="test_get_schemes_returns_3" time="0.105" /><testcase classname="backend.tests.test_prisma_migration.TestSearchSchemesAPI" name="test_search_farmer_returns_match" time="0.220" /><testcase classname="backend.tests.test_prisma_migration.TestDemoMode" name="test_demo_trigger_returns_instant_result" time="0.651" /><testcase classname="backend.tests.test_prisma_migration.TestAnalyticsEndpoints" name="test_analytics_status" time="0.098" /><testcase classname="backend.tests.test_prisma_migration.TestAnalyticsEndpoints" name="test_demo_status_and_toggle" time="0.310" /></testsuite></testsuites>