<?xml version="1.0" encoding="utf-8"?><testsuites name="pytest tests"><testsuite name="pytest" errors="0" failures="5" skipped="0" tests="16" time="4.330" timestamp="2026-02-21T13:54:04.693642+00:00" hostname="agent-env-fdc81781-d84b-4d06-90b8-475f3b391d68"><testcase classname="backend.tests.test_prisma_migration.TestRootAPI" name="test_root_returns_version_2_0_0" time="0.158" /><testcase classname="backend.tests.test_prisma_migration.TestAuthAPI" name="test_send_otp_success" time="0.139" /><testcase classname="backend.tests.test_prisma_migration.TestAuthAPI" name="test_verify_otp_success" time="0.261" /><testcase classname="backend.tests.test_prisma_migration.TestAuthAPI" name="test_verify_otp_invalid" time="0.111" /><testcase classname="backend.tests.test_prisma_migration.TestChatProfilerFlow" name="test_greeting_triggers_name_question" time="0.338"><failure message="AssertionError: assert 'आपका नाम क्या है' in 'नमस्ते! मैं नागरिक सहायक हूँ। मैं आपकी सरकारी योजनाओं और सेवाओं में मदद कर सकता हूँ।'">backend/tests/test_prisma_migration.py:84: in test_greeting_triggers_name_question
    assert "आपका नाम क्या है" in bot_msg["content"]
E   AssertionError: assert 'आपका नाम क्या है' in 'नमस्ते! मैं नागरिक सहायक हूँ। मैं आपकी सरकारी योजनाओं और सेवाओं में मदद कर सकता हूँ।'</failure></testcase><testcase classname="backend.tests.test_prisma_migration.TestChatProfilerFlow" name="test_name_answer_triggers_age_question" time="0.112"><failure message="assert 'उम्र' in &quot;धन्यवाद! कृपया 'योजनाएं' टाइप करें सभी उपलब्ध योजनाओं को देखने के लिए।&quot;">backend/tests/test_prisma_migration.py:99: in test_name_answer_triggers_age_question
    assert "उम्र" in bot_msg["content"]
E   assert 'उम्र' in "धन्यवाद! कृपया 'योजनाएं' टाइप करें सभी उपलब्ध योजनाओं को देखने के लिए।"</failure></testcase><testcase classname="backend.tests.test_prisma_migration.TestChatProfilerFlow" name="test_age_answer_triggers_income_question" time="0.111"><failure message="assert 'आय' in &quot;धन्यवाद! कृपया 'योजनाएं' टाइप करें सभी उपलब्ध योजनाओं को देखने के लिए।&quot;">backend/tests/test_prisma_migration.py:113: in test_age_answer_triggers_income_question
    assert "आय" in bot_msg["content"]
E   assert 'आय' in "धन्यवाद! कृपया 'योजनाएं' टाइप करें सभी उपलब्ध योजनाओं को देखने के लिए।"</failure></testcase><testcase classname="backend.tests.test_prisma_migration.TestChatProfilerFlow" name="test_income_answer_triggers_state_question" time="0.109"><failure message="assert 'राज्य' in &quot;धन्यवाद! कृपया 'योजनाएं' टाइप करें सभी उपलब्ध योजनाओं को देखने के लिए।&quot;">backend/tests/test_prisma_migration.py:127: in test_income_answer_triggers_state_question
    assert "राज्य" in bot_msg["content"]
E   assert 'राज्य' in "धन्यवाद! कृपया 'योजनाएं' टाइप करें सभी उपलब्ध योजनाओं को देखने के लिए।"</failure></testcase><testcase classname="backend.tests.test_prisma_migration.TestChatProfilerFlow" name="test_state_answer_completes_profile" time="0.137"><failure message="assert None == 'profiler_complete'&#10; +  where None = &lt;built-in method get of dict object at 0xf9fcc0782bc0&gt;('type')&#10; +    where &lt;built-in method get of dict object at 0xf9fcc0782bc0&gt; = {'content': &quot;धन्यवाद! कृपया 'योजनाएं' टाइप करें सभी उपलब्ध योजनाओं को देखने के लिए।&quot;, 'created_at': '2026-02-21T13:54:06.220822+00:00', 'id': '442cacbf-1ecd-4b48-8d7a-d34c8fbd505c', 'role': 'assistant', ...}.get">backend/tests/test_prisma_migration.py:141: in test_state_answer_completes_profile
    assert bot_msg.get("type") == "profiler_complete"
E   assert None == 'profiler_complete'
E    +  where None = &lt;built-in method get of dict object at 0xf9fcc0782bc0&gt;('type')
E    +    where &lt;built-in method get of dict object at 0xf9fcc0782bc0&gt; = {'content': "धन्यवाद! कृपया 'योजनाएं' टाइप करें सभी उपलब्ध योजनाओं को देखने के लिए।", 'created_at': '2026-02-21T13:54:06.220822+00:00', 'id': '442cacbf-1ecd-4b48-8d7a-d34c8fbd505c', 'role': 'assistant', ...}.get</failure></testcase><testcase classname="backend.tests.test_prisma_migration.TestProfileAPI" name="test_get_profile_returns_all_fields" time="0.897" /><testcase classname="backend.tests.test_prisma_migration.TestChatHistoryAPI" name="test_get_chat_history" time="0.437" /><testcase classname="backend.tests.test_prisma_migration.TestSchemesAPI" name="test_get_schemes_returns_3" time="0.123" /><testcase classname="backend.tests.test_prisma_migration.TestSearchSchemesAPI" name="test_search_farmer_returns_match" time="0.220" /><testcase classname="backend.tests.test_prisma_migration.TestDemoMode" name="test_demo_trigger_returns_instant_result" time="0.667" /><testcase classname="backend.tests.test_prisma_migration.TestAnalyticsEndpoints" name="test_analytics_status" time="0.105" /><testcase classname="backend.tests.test_prisma_migration.TestAnalyticsEndpoints" name="test_demo_status_and_toggle" time="0.309" /></testsuite></testsuites>