<?xml version="1.0" encoding="utf-8"?><testsuites name="pytest tests"><testsuite name="pytest" errors="0" failures="0" skipped="0" tests="5" time="3.415" timestamp="2026-02-21T13:10:30.103345+00:00" hostname="agent-env-fdc81781-d84b-4d06-90b8-475f3b391d68"><testcase classname="backend.tests.test_tool_progress_chat.TestChatScholarshipDemo" name="test_scholarship_query_returns_vidyasiri_result" time="0.759" /><testcase classname="backend.tests.test_tool_progress_chat.TestChatScholarshipDemo" name="test_scholarship_query_returns_tool_calls" time="0.311" /><testcase classname="backend.tests.test_tool_progress_chat.TestChatScholarshipDemo" name="test_scholarship_query_fast_response" time="0.312" /><testcase classname="backend.tests.test_tool_progress_chat.TestChatScholarshipDemo" name="test_pdf_download_accessible" time="0.414" /><testcase classname="backend.tests.test_tool_progress_chat.TestChatScholarshipDemo" name="test_various_scholarship_signals" time="1.551" /></testsuite></testsuites>