<?xml version="1.0" encoding="utf-8"?><testsuites name="pytest tests"><testsuite name="pytest" errors="0" failures="0" skipped="0" tests="28" time="5.435" timestamp="2026-02-27T13:54:55.128606+00:00" hostname="agent-env-3ec8f370-64ba-40af-a39d-b123e17320fe"><testcase classname="tests.test_v2_api_endpoints.TestAuth" name="test_send_otp" time="0.258" /><testcase classname="tests.test_v2_api_endpoints.TestAuth" name="test_verify_otp" time="0.196" /><testcase classname="tests.test_v2_api_endpoints.TestV2Schemes" name="test_get_all_schemes_returns_4" time="0.126" /><testcase classname="tests.test_v2_api_endpoints.TestV2Schemes" name="test_schemes_have_correct_categories" time="0.118" /><testcase classname="tests.test_v2_api_endpoints.TestV2Schemes" name="test_schemes_have_pmay_u" time="0.114" /><testcase classname="tests.test_v2_api_endpoints.TestV2Schemes" name="test_schemes_have_vidyasiri" time="0.133" /><testcase classname="tests.test_v2_api_endpoints.TestV2Schemes" name="test_schemes_have_startup_india" time="0.108" /><testcase classname="tests.test_v2_api_endpoints.TestV2Schemes" name="test_schemes_have_pmkisan" time="0.176" /><testcase classname="tests.test_v2_api_endpoints.TestV2FormTemplates" name="test_get_all_templates_returns_4" time="0.118" /><testcase classname="tests.test_v2_api_endpoints.TestV2FormTemplates" name="test_pmay_has_22_fields" time="0.119" /><testcase classname="tests.test_v2_api_endpoints.TestV2FormTemplates" name="test_vidyasiri_has_20_fields" time="0.119" /><testcase classname="tests.test_v2_api_endpoints.TestV2FormTemplates" name="test_startup_india_has_21_fields" time="0.117" /><testcase classname="tests.test_v2_api_endpoints.TestV2FormTemplates" name="test_pmkisan_has_19_fields" time="0.128" /><testcase classname="tests.test_v2_api_endpoints.TestV2SingleFormTemplate" name="test_pmkisan_template_has_19_fields_and_5_sections" time="0.139" /><testcase classname="tests.test_v2_api_endpoints.TestV2SingleFormTemplate" name="test_pmkisan_fields_have_required_properties" time="0.107" /><testcase classname="tests.test_v2_api_endpoints.TestV2SingleFormTemplate" name="test_pmkisan_has_farmer_details_section" time="0.116" /><testcase classname="tests.test_v2_api_endpoints.TestV2SingleFormTemplate" name="test_nonexistent_template_returns_404" time="0.110" /><testcase classname="tests.test_v2_api_endpoints.TestV2UserProfile" name="test_save_profile_fields" time="0.143" /><testcase classname="tests.test_v2_api_endpoints.TestV2UserProfile" name="test_get_saved_profile" time="0.123" /><testcase classname="tests.test_v2_api_endpoints.TestV2UserProfile" name="test_profile_merges_not_overwrites" time="0.132" /><testcase classname="tests.test_v2_api_endpoints.TestV2UserProfile" name="test_invalid_user_returns_404" time="0.120" /><testcase classname="tests.test_v2_api_endpoints.TestV2SmartProfiler" name="test_smart_profiler_returns_counts" time="0.114" /><testcase classname="tests.test_v2_api_endpoints.TestV2SmartProfiler" name="test_smart_profiler_returns_next_question" time="0.124" /><testcase classname="tests.test_v2_api_endpoints.TestV2SmartProfiler" name="test_smart_profiler_multiple_schemes" time="0.116" /><testcase classname="tests.test_v2_api_endpoints.TestV2GenerateFilledForms" name="test_generate_forms_returns_pdf_urls" time="1.231" /><testcase classname="tests.test_v2_api_endpoints.TestV2GenerateFilledForms" name="test_pdf_url_format" time="0.309" /><testcase classname="tests.test_v2_api_endpoints.TestPDFDownload" name="test_download_generated_pdf" time="0.487" /><testcase classname="tests.test_v2_api_endpoints.TestPDFDownload" name="test_invalid_pdf_returns_404" time="0.136" /></testsuite></testsuites>